<?xml version="1.0" encoding="UTF-8"?>
<testsuites name="Login" time="3" tests="1" failures="0" errors="0">
   <testsuite name="Login" tests="1" failures="0" errors="0" time="3" timestamp="2019-03-05 10:29:10" hostname="hrmlabs - GIV" id="Test Suites/Login">
      <properties>
         <property name="deviceName" value=""/>
         <property name="devicePlatform" value=""/>
         <property name="logFolder" value="C:\\Users\\kris\\Katalon Studio\\Cdg\\Reports\\Login\\20190305_102750"/>
         <property name="logFiles" value="C:\\Users\\kris\\Katalon Studio\\Cdg\\Reports\\Login\\20190305_102750\\execution0.log"/>
         <property name="attachments" value=""/>
         <property name="hostName" value="hrmlabs - GIV"/>
         <property name="hostAddress" value="192.168.1.3"/>
         <property name="os" value="Windows 10 64bit"/>
         <property name="katalonVersion" value="6.0.4.1"/>
      </properties>
      <testcase name="Test Cases/Common Test Cases/Login_NonValid" classname="Test Cases/Common Test Cases/Login_NonValid" status="PASSED">
         <system-out><![CDATA[2019-03-05 10:29:11 - [TEST_CASE][PASSED] - Test Cases/Common Test Cases/Login_NonValid: Test Cases/Common Test Cases/Login_NonValid

2019-03-05 10:29:12 - [TEST_STEP][PASSED] - return null: null]]></system-out>
         <system-err><![CDATA[]]></system-err>
      </testcase>
      <system-out><![CDATA[2019-03-05 10:29:10 - [TEST_SUITE][PASSED] - Login: Test Cases/Common Test Cases/Login_NonValid]]></system-out>
      <system-err><![CDATA[]]></system-err>
   </testsuite>
</testsuites>
