<?xml version="1.0" encoding="UTF-8"?>
<testsuites name="Login" time="488" tests="3" failures="0" errors="0">
   <testsuite name="Login" tests="3" failures="0" errors="0" time="488" timestamp="2019-03-05 10:57:02" hostname="hrmlabs - GIV" id="Test Suites/Login">
      <properties>
         <property name="deviceName" value=""/>
         <property name="devicePlatform" value=""/>
         <property name="logFolder" value="C:\\Users\\kris\\Katalon Studio\\Cdg\\Reports\\Login\\20190305_105635"/>
         <property name="logFiles" value="C:\\Users\\kris\\Katalon Studio\\Cdg\\Reports\\Login\\20190305_105635\\execution0.log"/>
         <property name="attachments" value=""/>
         <property name="hostName" value="hrmlabs - GIV"/>
         <property name="os" value="Windows 10 64bit"/>
         <property name="katalonVersion" value="6.0.4.1"/>
         <property name="browser" value="Chrome 72.0.3626.119"/>
         <property name="hostAddress" value="192.168.1.7"/>
         <property name="sessionId" value="94d0f7d3bf7bad1b1f136752fd685439"/>
         <property name="seleniumVersion" value="3.7.1"/>
         <property name="proxyInformation" value="ProxyInformation{proxyOption=NO_PROXY, proxyServerType=HTTP, password=, proxyServerAddress=, proxyServerPort=0}"/>
         <property name="platform" value="Windows 10"/>
      </properties>
      <testcase name="Test Cases/Common Test Cases/Login_valid" classname="Test Cases/Common Test Cases/Login_valid" status="PASSED">
         <system-out><![CDATA[2019-03-05 10:57:02 - [TEST_CASE][PASSED] - Test Cases/Common Test Cases/Login_valid: Test Cases/Common Test Cases/Login_valid

2019-03-05 10:57:03 - [TEST_STEP][PASSED] - comment("Customer Login with valid account"): Customer Login with valid account

2019-03-05 10:57:04 - [MESSAGE][INFO] - Customer Login with valid account

2019-03-05 10:57:04 - [TEST_STEP][PASSED] - openBrowser(""): Browser is opened with url: ''

2019-03-05 10:57:27 - [MESSAGE][INFO] - Starting 'Chrome' driver

2019-03-05 10:57:28 - [MESSAGE][INFO] - Action delay is set to 0 seconds

2019-03-05 10:59:00 - [MESSAGE][PASSED] - Browser is opened with url: ''

2019-03-05 10:59:00 - [TEST_STEP][PASSED] - navigateToUrl("https://testing.adeptforms.com/module/cdg/customer/session/login"): Navigate to 'https://testing.adeptforms.com/module/cdg/customer/session/login' successfully

2019-03-05 11:00:00 - [MESSAGE][PASSED] - Navigate to 'https://testing.adeptforms.com/module/cdg/customer/session/login' successfully

2019-03-05 11:00:00 - [TEST_STEP][PASSED] - callTestCase(findTestCase("Main Test Cases/Verify Login"), [:], STOP_ON_FAILURE): Call Test Case 'Test Cases/Main Test Cases/Verify Login' successfully

2019-03-05 11:00:01 - [TEST_CASE][PASSED] - Test Cases/Main Test Cases/Verify Login: Test Cases/Main Test Cases/Verify Login

2019-03-05 11:00:02 - [TEST_STEP][PASSED] - verifyAllLinksOnCurrentPageAccessible(true, []): All links on the page 'https://testing.adeptforms.com/module/cdg/customer/session/login' are accessible

2019-03-05 11:00:03 - [MESSAGE][PASSED] - Found 45 unique links on the page https://testing.adeptforms.com/module/cdg/customer/session/login

2019-03-05 11:00:12 - [MESSAGE][INFO] - HAR: C:\Users\kris\Katalon Studio\Cdg\Reports\Login\20190305_105635\requests\main\0.har

2019-03-05 11:00:13 - [MESSAGE][PASSED] - Send request successfully

2019-03-05 11:00:14 - [MESSAGE][INFO] - HAR: C:\Users\kris\Katalon Studio\Cdg\Reports\Login\20190305_105635\requests\main\1.har

2019-03-05 11:00:14 - [MESSAGE][PASSED] - Send request successfully

2019-03-05 11:00:15 - [MESSAGE][INFO] - HAR: C:\Users\kris\Katalon Studio\Cdg\Reports\Login\20190305_105635\requests\main\2.har

2019-03-05 11:00:15 - [MESSAGE][PASSED] - Send request successfully

2019-03-05 11:00:15 - [MESSAGE][INFO] - HAR: C:\Users\kris\Katalon Studio\Cdg\Reports\Login\20190305_105635\requests\main\3.har

2019-03-05 11:00:16 - [MESSAGE][PASSED] - Send request successfully

2019-03-05 11:00:16 - [MESSAGE][INFO] - HAR: C:\Users\kris\Katalon Studio\Cdg\Reports\Login\20190305_105635\requests\main\4.har

2019-03-05 11:00:16 - [MESSAGE][PASSED] - Send request successfully

2019-03-05 11:00:18 - [MESSAGE][INFO] - HAR: C:\Users\kris\Katalon Studio\Cdg\Reports\Login\20190305_105635\requests\main\5.har

2019-03-05 11:00:18 - [MESSAGE][PASSED] - Send request successfully

2019-03-05 11:00:18 - [MESSAGE][INFO] - HAR: C:\Users\kris\Katalon Studio\Cdg\Reports\Login\20190305_105635\requests\main\6.har

2019-03-05 11:00:19 - [MESSAGE][PASSED] - Send request successfully

2019-03-05 11:00:19 - [MESSAGE][INFO] - HAR: C:\Users\kris\Katalon Studio\Cdg\Reports\Login\20190305_105635\requests\main\7.har

2019-03-05 11:00:19 - [MESSAGE][PASSED] - Send request successfully

2019-03-05 11:00:20 - [MESSAGE][INFO] - HAR: C:\Users\kris\Katalon Studio\Cdg\Reports\Login\20190305_105635\requests\main\8.har

2019-03-05 11:00:21 - [MESSAGE][PASSED] - Send request successfully

2019-03-05 11:00:22 - [MESSAGE][INFO] - HAR: C:\Users\kris\Katalon Studio\Cdg\Reports\Login\20190305_105635\requests\main\9.har

2019-03-05 11:00:23 - [MESSAGE][PASSED] - Send request successfully

2019-03-05 11:00:23 - [MESSAGE][INFO] - HAR: C:\Users\kris\Katalon Studio\Cdg\Reports\Login\20190305_105635\requests\main\10.har

2019-03-05 11:00:23 - [MESSAGE][PASSED] - Send request successfully

2019-03-05 11:00:24 - [MESSAGE][INFO] - HAR: C:\Users\kris\Katalon Studio\Cdg\Reports\Login\20190305_105635\requests\main\11.har

2019-03-05 11:00:24 - [MESSAGE][PASSED] - Send request successfully

2019-03-05 11:00:24 - [MESSAGE][INFO] - HAR: C:\Users\kris\Katalon Studio\Cdg\Reports\Login\20190305_105635\requests\main\12.har

2019-03-05 11:00:24 - [MESSAGE][PASSED] - Send request successfully

2019-03-05 11:00:25 - [MESSAGE][INFO] - HAR: C:\Users\kris\Katalon Studio\Cdg\Reports\Login\20190305_105635\requests\main\13.har

2019-03-05 11:00:25 - [MESSAGE][PASSED] - Send request successfully

2019-03-05 11:00:25 - [MESSAGE][INFO] - HAR: C:\Users\kris\Katalon Studio\Cdg\Reports\Login\20190305_105635\requests\main\14.har

2019-03-05 11:00:26 - [MESSAGE][PASSED] - Send request successfully

2019-03-05 11:00:27 - [MESSAGE][INFO] - HAR: C:\Users\kris\Katalon Studio\Cdg\Reports\Login\20190305_105635\requests\main\15.har

2019-03-05 11:00:27 - [MESSAGE][PASSED] - Send request successfully

2019-03-05 11:00:27 - [MESSAGE][INFO] - HAR: C:\Users\kris\Katalon Studio\Cdg\Reports\Login\20190305_105635\requests\main\16.har

2019-03-05 11:00:27 - [MESSAGE][PASSED] - Send request successfully

2019-03-05 11:00:28 - [MESSAGE][INFO] - HAR: C:\Users\kris\Katalon Studio\Cdg\Reports\Login\20190305_105635\requests\main\17.har

2019-03-05 11:00:28 - [MESSAGE][PASSED] - Send request successfully

2019-03-05 11:00:28 - [MESSAGE][INFO] - HAR: C:\Users\kris\Katalon Studio\Cdg\Reports\Login\20190305_105635\requests\main\18.har

2019-03-05 11:00:28 - [MESSAGE][PASSED] - Send request successfully

2019-03-05 11:00:28 - [MESSAGE][INFO] - HAR: C:\Users\kris\Katalon Studio\Cdg\Reports\Login\20190305_105635\requests\main\19.har

2019-03-05 11:00:28 - [MESSAGE][PASSED] - Send request successfully

2019-03-05 11:00:28 - [MESSAGE][INFO] - HAR: C:\Users\kris\Katalon Studio\Cdg\Reports\Login\20190305_105635\requests\main\20.har

2019-03-05 11:00:29 - [MESSAGE][PASSED] - Send request successfully

2019-03-05 11:00:29 - [MESSAGE][INFO] - HAR: C:\Users\kris\Katalon Studio\Cdg\Reports\Login\20190305_105635\requests\main\21.har

2019-03-05 11:00:29 - [MESSAGE][PASSED] - Send request successfully

2019-03-05 11:00:29 - [MESSAGE][INFO] - HAR: C:\Users\kris\Katalon Studio\Cdg\Reports\Login\20190305_105635\requests\main\22.har

2019-03-05 11:00:29 - [MESSAGE][PASSED] - Send request successfully

2019-03-05 11:00:29 - [MESSAGE][INFO] - HAR: C:\Users\kris\Katalon Studio\Cdg\Reports\Login\20190305_105635\requests\main\23.har

2019-03-05 11:00:29 - [MESSAGE][PASSED] - Send request successfully

2019-03-05 11:00:30 - [MESSAGE][INFO] - HAR: C:\Users\kris\Katalon Studio\Cdg\Reports\Login\20190305_105635\requests\main\24.har

2019-03-05 11:00:30 - [MESSAGE][PASSED] - Send request successfully

2019-03-05 11:00:30 - [MESSAGE][INFO] - HAR: C:\Users\kris\Katalon Studio\Cdg\Reports\Login\20190305_105635\requests\main\25.har

2019-03-05 11:00:30 - [MESSAGE][PASSED] - Send request successfully

2019-03-05 11:00:31 - [MESSAGE][INFO] - HAR: C:\Users\kris\Katalon Studio\Cdg\Reports\Login\20190305_105635\requests\main\26.har

2019-03-05 11:00:31 - [MESSAGE][PASSED] - Send request successfully

2019-03-05 11:00:31 - [MESSAGE][INFO] - HAR: C:\Users\kris\Katalon Studio\Cdg\Reports\Login\20190305_105635\requests\main\27.har

2019-03-05 11:00:31 - [MESSAGE][PASSED] - Send request successfully

2019-03-05 11:00:31 - [MESSAGE][INFO] - HAR: C:\Users\kris\Katalon Studio\Cdg\Reports\Login\20190305_105635\requests\main\28.har

2019-03-05 11:00:31 - [MESSAGE][PASSED] - Send request successfully

2019-03-05 11:00:31 - [MESSAGE][INFO] - HAR: C:\Users\kris\Katalon Studio\Cdg\Reports\Login\20190305_105635\requests\main\29.har

2019-03-05 11:00:32 - [MESSAGE][PASSED] - Send request successfully

2019-03-05 11:00:32 - [MESSAGE][INFO] - HAR: C:\Users\kris\Katalon Studio\Cdg\Reports\Login\20190305_105635\requests\main\30.har

2019-03-05 11:00:32 - [MESSAGE][PASSED] - Send request successfully

2019-03-05 11:00:34 - [MESSAGE][INFO] - HAR: C:\Users\kris\Katalon Studio\Cdg\Reports\Login\20190305_105635\requests\main\31.har

2019-03-05 11:00:34 - [MESSAGE][PASSED] - Send request successfully

2019-03-05 11:00:35 - [MESSAGE][INFO] - HAR: C:\Users\kris\Katalon Studio\Cdg\Reports\Login\20190305_105635\requests\main\32.har

2019-03-05 11:00:35 - [MESSAGE][PASSED] - Send request successfully

2019-03-05 11:00:35 - [MESSAGE][INFO] - HAR: C:\Users\kris\Katalon Studio\Cdg\Reports\Login\20190305_105635\requests\main\33.har

2019-03-05 11:00:35 - [MESSAGE][PASSED] - Send request successfully

2019-03-05 11:00:36 - [MESSAGE][INFO] - HAR: C:\Users\kris\Katalon Studio\Cdg\Reports\Login\20190305_105635\requests\main\34.har

2019-03-05 11:00:36 - [MESSAGE][PASSED] - Send request successfully

2019-03-05 11:00:37 - [MESSAGE][INFO] - HAR: C:\Users\kris\Katalon Studio\Cdg\Reports\Login\20190305_105635\requests\main\35.har

2019-03-05 11:00:37 - [MESSAGE][PASSED] - Send request successfully

2019-03-05 11:00:37 - [MESSAGE][INFO] - HAR: C:\Users\kris\Katalon Studio\Cdg\Reports\Login\20190305_105635\requests\main\36.har

2019-03-05 11:00:37 - [MESSAGE][PASSED] - Send request successfully

2019-03-05 11:00:38 - [MESSAGE][INFO] - HAR: C:\Users\kris\Katalon Studio\Cdg\Reports\Login\20190305_105635\requests\main\37.har

2019-03-05 11:00:38 - [MESSAGE][PASSED] - Send request successfully

2019-03-05 11:00:38 - [MESSAGE][INFO] - HAR: C:\Users\kris\Katalon Studio\Cdg\Reports\Login\20190305_105635\requests\main\38.har

2019-03-05 11:00:38 - [MESSAGE][PASSED] - Send request successfully

2019-03-05 11:00:38 - [MESSAGE][INFO] - HAR: C:\Users\kris\Katalon Studio\Cdg\Reports\Login\20190305_105635\requests\main\39.har

2019-03-05 11:00:38 - [MESSAGE][PASSED] - Send request successfully

2019-03-05 11:00:39 - [MESSAGE][INFO] - HAR: C:\Users\kris\Katalon Studio\Cdg\Reports\Login\20190305_105635\requests\main\40.har

2019-03-05 11:00:39 - [MESSAGE][PASSED] - Send request successfully

2019-03-05 11:00:40 - [MESSAGE][INFO] - HAR: C:\Users\kris\Katalon Studio\Cdg\Reports\Login\20190305_105635\requests\main\41.har

2019-03-05 11:00:40 - [MESSAGE][PASSED] - Send request successfully

2019-03-05 11:00:40 - [MESSAGE][INFO] - HAR: C:\Users\kris\Katalon Studio\Cdg\Reports\Login\20190305_105635\requests\main\42.har

2019-03-05 11:00:40 - [MESSAGE][PASSED] - Send request successfully

2019-03-05 11:00:40 - [MESSAGE][INFO] - HAR: C:\Users\kris\Katalon Studio\Cdg\Reports\Login\20190305_105635\requests\main\43.har

2019-03-05 11:00:40 - [MESSAGE][PASSED] - Send request successfully

2019-03-05 11:00:40 - [MESSAGE][INFO] - HAR: C:\Users\kris\Katalon Studio\Cdg\Reports\Login\20190305_105635\requests\main\44.har

2019-03-05 11:00:40 - [MESSAGE][PASSED] - Send request successfully

2019-03-05 11:00:40 - [MESSAGE][PASSED] - All links are accessible

2019-03-05 11:00:40 - [MESSAGE][PASSED] - All links on the page 'https://testing.adeptforms.com/module/cdg/customer/session/login' are accessible

2019-03-05 11:00:40 - [TEST_STEP][PASSED] - waitForElementVisible(findTestObject("Page_CDG/img"), 6): Object 'Object Repository/Page_CDG/img' is visible

2019-03-05 11:00:41 - [MESSAGE][PASSED] - Object 'Object Repository/Page_CDG/img' is visible

2019-03-05 11:00:41 - [TEST_STEP][PASSED] - waitForElementVisible(findTestObject("Object Repository/Page_CDG/Ver_Loginpage"), 6): Web element with id: 'Object Repository/Page_CDG/Ver_Loginpage' located by 'By.xpath: ' not found

2019-03-05 11:00:47 - [MESSAGE][INFO] - Unable to find the element located by 'By.xpath: '. Please recheck the objects properties to make sure the desired element is located. 

2019-03-05 11:00:47 - [MESSAGE][WARNING] - Web element with id: 'Object Repository/Page_CDG/Ver_Loginpage' located by 'By.xpath: ' not found

2019-03-05 11:00:47 - [TEST_STEP][PASSED] - waitForElementVisible(findTestObject("Page_CDG/Input_Email"), 6): Object 'Object Repository/Page_CDG/Input_Email' is visible

2019-03-05 11:00:47 - [MESSAGE][PASSED] - Object 'Object Repository/Page_CDG/Input_Email' is visible

2019-03-05 11:00:47 - [TEST_STEP][PASSED] - waitForElementVisible(findTestObject("Page_CDG/input_Password"), 6): Object 'Object Repository/Page_CDG/input_Password' is visible

2019-03-05 11:00:47 - [MESSAGE][PASSED] - Object 'Object Repository/Page_CDG/input_Password' is visible

2019-03-05 11:00:47 - [TEST_STEP][PASSED] - waitForElementVisible(findTestObject("Page_CDG/Signin_Text_Verify"), 6): Object 'Object Repository/Page_CDG/Signin_Text_Verify' is visible

2019-03-05 11:00:47 - [MESSAGE][PASSED] - Object 'Object Repository/Page_CDG/Signin_Text_Verify' is visible

2019-03-05 11:00:47 - [TEST_STEP][PASSED] - waitForElementVisible(findTestObject("Page_CDG/Register_Text"), 6): Object 'Object Repository/Page_CDG/Register_Text' is visible

2019-03-05 11:00:47 - [MESSAGE][PASSED] - Object 'Object Repository/Page_CDG/Register_Text' is visible

2019-03-05 11:00:47 - [TEST_STEP][PASSED] - waitForElementVisible(findTestObject("Page_CDG/Forgot_Password_Text"), 6): Object 'Object Repository/Page_CDG/Forgot_Password_Text' is visible

2019-03-05 11:00:48 - [MESSAGE][PASSED] - Object 'Object Repository/Page_CDG/Forgot_Password_Text' is visible

2019-03-05 11:00:48 - [TEST_STEP][PASSED] - waitForElementVisible(findTestObject("Object Repository/Page_CDG/button_Login"), 6): Object 'Object Repository/Page_CDG/button_Login' is visible

2019-03-05 11:00:48 - [MESSAGE][PASSED] - Object 'Object Repository/Page_CDG/button_Login' is visible

2019-03-05 11:00:48 - [MESSAGE][PASSED] - Call Test Case 'Test Cases/Main Test Cases/Verify Login' successfully

2019-03-05 11:00:48 - [TEST_STEP][PASSED] - setText(findTestObject("Page_CDG/Input_Email"), findTestData("Login_Field").getValue(1, 1)): Text 'asikinaul@gmail.com' is set on object 'Object Repository/Page_CDG/Input_Email'

2019-03-05 11:00:49 - [MESSAGE][PASSED] - Text 'asikinaul@gmail.com' is set on object 'Object Repository/Page_CDG/Input_Email'

2019-03-05 11:00:49 - [TEST_STEP][PASSED] - setText(findTestObject("Page_CDG/input_Password"), findTestData("Login_Field").getValue(2, 1)): Text '12345' is set on object 'Object Repository/Page_CDG/input_Password'

2019-03-05 11:00:49 - [MESSAGE][PASSED] - Text '12345' is set on object 'Object Repository/Page_CDG/input_Password'

2019-03-05 11:00:49 - [TEST_STEP][PASSED] - click(findTestObject("Page_CDG/button_Login")): Object: 'Object Repository/Page_CDG/button_Login' is clicked on

2019-03-05 11:00:49 - [MESSAGE][PASSED] - Object: 'Object Repository/Page_CDG/button_Login' is clicked on

2019-03-05 11:00:49 - [TEST_STEP][PASSED] - callTestCase(findTestCase("Main Test Cases/TC1_Verify Successful Login"), [:], STOP_ON_FAILURE): Call Test Case 'Test Cases/Main Test Cases/TC1_Verify Successful Login' successfully

2019-03-05 11:00:49 - [TEST_CASE][PASSED] - Test Cases/Main Test Cases/TC1_Verify Successful Login: Test Cases/Main Test Cases/TC1_Verify Successful Login

2019-03-05 11:00:49 - [TEST_STEP][PASSED] - verifyElementVisible(findTestObject("Page_CDG/SECTION_PRODUCT_PAGE")): Object 'Object Repository/Page_CDG/SECTION_PRODUCT_PAGE' is visible

2019-03-05 11:00:52 - [MESSAGE][PASSED] - Object 'Object Repository/Page_CDG/SECTION_PRODUCT_PAGE' is visible

2019-03-05 11:00:52 - [TEST_STEP][PASSED] - verifyElementVisible(findTestObject("Page_CDG/Content_Product List")): Object 'Object Repository/Page_CDG/Content_Product List' is visible

2019-03-05 11:00:53 - [MESSAGE][PASSED] - Object 'Object Repository/Page_CDG/Content_Product List' is visible

2019-03-05 11:00:53 - [TEST_STEP][PASSED] - verifyElementVisible(findTestObject("Page_CDG/Verify_Addproduct_Text")): Object 'Object Repository/Page_CDG/Verify_Addproduct_Text' is visible

2019-03-05 11:00:53 - [MESSAGE][PASSED] - Object 'Object Repository/Page_CDG/Verify_Addproduct_Text' is visible

2019-03-05 11:00:53 - [TEST_STEP][PASSED] - verifyElementVisible(findTestObject("Page_CDG/Close_Add_Product")): Object 'Object Repository/Page_CDG/Close_Add_Product' is visible

2019-03-05 11:00:53 - [MESSAGE][PASSED] - Object 'Object Repository/Page_CDG/Close_Add_Product' is visible

2019-03-05 11:00:53 - [TEST_STEP][PASSED] - scrollToElement(findTestObject("Page_CDG/Privacy_Policy"), 6): Scroll to object 'Object Repository/Page_CDG/Privacy_Policy' successfully

2019-03-05 11:00:53 - [MESSAGE][PASSED] - Scroll to object 'Object Repository/Page_CDG/Privacy_Policy' successfully

2019-03-05 11:00:53 - [TEST_STEP][PASSED] - verifyElementVisible(findTestObject("Page_CDG/Copyright")): Object 'Object Repository/Page_CDG/Copyright' is visible

2019-03-05 11:00:53 - [MESSAGE][PASSED] - Object 'Object Repository/Page_CDG/Copyright' is visible

2019-03-05 11:00:53 - [TEST_STEP][PASSED] - click(findTestObject("Page_CDG/Privacy_Policy")): Object: 'Object Repository/Page_CDG/Privacy_Policy' is clicked on

2019-03-05 11:00:53 - [MESSAGE][PASSED] - Object: 'Object Repository/Page_CDG/Privacy_Policy' is clicked on

2019-03-05 11:00:53 - [TEST_STEP][PASSED] - click(findTestObject("Page_CDG/Terms_of_Use")): Object: 'Object Repository/Page_CDG/Terms_of_Use' is clicked on

2019-03-05 11:00:54 - [MESSAGE][PASSED] - Object: 'Object Repository/Page_CDG/Terms_of_Use' is clicked on

2019-03-05 11:00:54 - [MESSAGE][PASSED] - Call Test Case 'Test Cases/Main Test Cases/TC1_Verify Successful Login' successfully

2019-03-05 11:00:54 - [TEST_STEP][PASSED] - closeBrowser(): Browser is closed

2019-03-05 11:00:55 - [MESSAGE][PASSED] - Browser is closed]]></system-out>
         <system-err><![CDATA[]]></system-err>
      </testcase>
      <testcase name="Test Cases/Common Test Cases/Login_valid" classname="Test Cases/Common Test Cases/Login_valid" status="PASSED">
         <system-out><![CDATA[2019-03-05 11:00:55 - [TEST_CASE][PASSED] - Test Cases/Common Test Cases/Login_valid: Test Cases/Common Test Cases/Login_valid

2019-03-05 11:00:55 - [TEST_STEP][PASSED] - comment("Customer Login with valid account"): Customer Login with valid account

2019-03-05 11:00:55 - [MESSAGE][INFO] - Customer Login with valid account

2019-03-05 11:00:55 - [TEST_STEP][PASSED] - openBrowser(""): Browser is opened with url: ''

2019-03-05 11:00:55 - [MESSAGE][INFO] - Starting 'Chrome' driver

2019-03-05 11:01:06 - [MESSAGE][PASSED] - Browser is opened with url: ''

2019-03-05 11:01:06 - [TEST_STEP][PASSED] - navigateToUrl("https://testing.adeptforms.com/module/cdg/customer/session/login"): Navigate to 'https://testing.adeptforms.com/module/cdg/customer/session/login' successfully

2019-03-05 11:01:12 - [MESSAGE][PASSED] - Navigate to 'https://testing.adeptforms.com/module/cdg/customer/session/login' successfully

2019-03-05 11:01:12 - [TEST_STEP][PASSED] - callTestCase(findTestCase("Main Test Cases/Verify Login"), [:], STOP_ON_FAILURE): Call Test Case 'Test Cases/Main Test Cases/Verify Login' successfully

2019-03-05 11:01:12 - [TEST_CASE][PASSED] - Test Cases/Main Test Cases/Verify Login: Test Cases/Main Test Cases/Verify Login

2019-03-05 11:01:12 - [TEST_STEP][PASSED] - verifyAllLinksOnCurrentPageAccessible(true, []): All links on the page 'https://testing.adeptforms.com/module/cdg/customer/session/login' are accessible

2019-03-05 11:01:12 - [MESSAGE][PASSED] - Found 45 unique links on the page https://testing.adeptforms.com/module/cdg/customer/session/login

2019-03-05 11:01:13 - [MESSAGE][INFO] - HAR: C:\Users\kris\Katalon Studio\Cdg\Reports\Login\20190305_105635\requests\main\45.har

2019-03-05 11:01:13 - [MESSAGE][PASSED] - Send request successfully

2019-03-05 11:01:14 - [MESSAGE][INFO] - HAR: C:\Users\kris\Katalon Studio\Cdg\Reports\Login\20190305_105635\requests\main\46.har

2019-03-05 11:01:14 - [MESSAGE][PASSED] - Send request successfully

2019-03-05 11:01:15 - [MESSAGE][INFO] - HAR: C:\Users\kris\Katalon Studio\Cdg\Reports\Login\20190305_105635\requests\main\47.har

2019-03-05 11:01:15 - [MESSAGE][PASSED] - Send request successfully

2019-03-05 11:01:15 - [MESSAGE][INFO] - HAR: C:\Users\kris\Katalon Studio\Cdg\Reports\Login\20190305_105635\requests\main\48.har

2019-03-05 11:01:15 - [MESSAGE][PASSED] - Send request successfully

2019-03-05 11:01:16 - [MESSAGE][INFO] - HAR: C:\Users\kris\Katalon Studio\Cdg\Reports\Login\20190305_105635\requests\main\49.har

2019-03-05 11:01:16 - [MESSAGE][PASSED] - Send request successfully

2019-03-05 11:01:20 - [MESSAGE][INFO] - HAR: C:\Users\kris\Katalon Studio\Cdg\Reports\Login\20190305_105635\requests\main\50.har

2019-03-05 11:01:20 - [MESSAGE][PASSED] - Send request successfully

2019-03-05 11:01:22 - [MESSAGE][INFO] - HAR: C:\Users\kris\Katalon Studio\Cdg\Reports\Login\20190305_105635\requests\main\51.har

2019-03-05 11:01:22 - [MESSAGE][PASSED] - Send request successfully

2019-03-05 11:01:29 - [MESSAGE][INFO] - HAR: C:\Users\kris\Katalon Studio\Cdg\Reports\Login\20190305_105635\requests\main\52.har

2019-03-05 11:01:29 - [MESSAGE][PASSED] - Send request successfully

2019-03-05 11:01:30 - [MESSAGE][INFO] - HAR: C:\Users\kris\Katalon Studio\Cdg\Reports\Login\20190305_105635\requests\main\53.har

2019-03-05 11:01:30 - [MESSAGE][PASSED] - Send request successfully

2019-03-05 11:01:32 - [MESSAGE][INFO] - HAR: C:\Users\kris\Katalon Studio\Cdg\Reports\Login\20190305_105635\requests\main\54.har

2019-03-05 11:01:32 - [MESSAGE][PASSED] - Send request successfully

2019-03-05 11:01:32 - [MESSAGE][INFO] - HAR: C:\Users\kris\Katalon Studio\Cdg\Reports\Login\20190305_105635\requests\main\55.har

2019-03-05 11:01:32 - [MESSAGE][PASSED] - Send request successfully

2019-03-05 11:01:34 - [MESSAGE][INFO] - HAR: C:\Users\kris\Katalon Studio\Cdg\Reports\Login\20190305_105635\requests\main\56.har

2019-03-05 11:01:34 - [MESSAGE][PASSED] - Send request successfully

2019-03-05 11:01:34 - [MESSAGE][INFO] - HAR: C:\Users\kris\Katalon Studio\Cdg\Reports\Login\20190305_105635\requests\main\57.har

2019-03-05 11:01:34 - [MESSAGE][PASSED] - Send request successfully

2019-03-05 11:01:35 - [MESSAGE][INFO] - HAR: C:\Users\kris\Katalon Studio\Cdg\Reports\Login\20190305_105635\requests\main\58.har

2019-03-05 11:01:35 - [MESSAGE][PASSED] - Send request successfully

2019-03-05 11:01:50 - [MESSAGE][INFO] - HAR: C:\Users\kris\Katalon Studio\Cdg\Reports\Login\20190305_105635\requests\main\59.har

2019-03-05 11:01:51 - [MESSAGE][PASSED] - Send request successfully

2019-03-05 11:01:51 - [MESSAGE][INFO] - HAR: C:\Users\kris\Katalon Studio\Cdg\Reports\Login\20190305_105635\requests\main\60.har

2019-03-05 11:01:51 - [MESSAGE][PASSED] - Send request successfully

2019-03-05 11:01:51 - [MESSAGE][INFO] - HAR: C:\Users\kris\Katalon Studio\Cdg\Reports\Login\20190305_105635\requests\main\61.har

2019-03-05 11:01:51 - [MESSAGE][PASSED] - Send request successfully

2019-03-05 11:01:52 - [MESSAGE][INFO] - HAR: C:\Users\kris\Katalon Studio\Cdg\Reports\Login\20190305_105635\requests\main\62.har

2019-03-05 11:01:52 - [MESSAGE][PASSED] - Send request successfully

2019-03-05 11:01:52 - [MESSAGE][INFO] - HAR: C:\Users\kris\Katalon Studio\Cdg\Reports\Login\20190305_105635\requests\main\63.har

2019-03-05 11:01:52 - [MESSAGE][PASSED] - Send request successfully

2019-03-05 11:01:52 - [MESSAGE][INFO] - HAR: C:\Users\kris\Katalon Studio\Cdg\Reports\Login\20190305_105635\requests\main\64.har

2019-03-05 11:01:52 - [MESSAGE][PASSED] - Send request successfully

2019-03-05 11:01:53 - [MESSAGE][INFO] - HAR: C:\Users\kris\Katalon Studio\Cdg\Reports\Login\20190305_105635\requests\main\65.har

2019-03-05 11:01:53 - [MESSAGE][PASSED] - Send request successfully

2019-03-05 11:01:53 - [MESSAGE][INFO] - HAR: C:\Users\kris\Katalon Studio\Cdg\Reports\Login\20190305_105635\requests\main\66.har

2019-03-05 11:01:53 - [MESSAGE][PASSED] - Send request successfully

2019-03-05 11:01:53 - [MESSAGE][INFO] - HAR: C:\Users\kris\Katalon Studio\Cdg\Reports\Login\20190305_105635\requests\main\67.har

2019-03-05 11:01:53 - [MESSAGE][PASSED] - Send request successfully

2019-03-05 11:01:54 - [MESSAGE][INFO] - HAR: C:\Users\kris\Katalon Studio\Cdg\Reports\Login\20190305_105635\requests\main\68.har

2019-03-05 11:01:54 - [MESSAGE][PASSED] - Send request successfully

2019-03-05 11:01:54 - [MESSAGE][INFO] - HAR: C:\Users\kris\Katalon Studio\Cdg\Reports\Login\20190305_105635\requests\main\69.har

2019-03-05 11:01:54 - [MESSAGE][PASSED] - Send request successfully

2019-03-05 11:01:55 - [MESSAGE][INFO] - HAR: C:\Users\kris\Katalon Studio\Cdg\Reports\Login\20190305_105635\requests\main\70.har

2019-03-05 11:01:55 - [MESSAGE][PASSED] - Send request successfully

2019-03-05 11:01:55 - [MESSAGE][INFO] - HAR: C:\Users\kris\Katalon Studio\Cdg\Reports\Login\20190305_105635\requests\main\71.har

2019-03-05 11:01:55 - [MESSAGE][PASSED] - Send request successfully

2019-03-05 11:01:56 - [MESSAGE][INFO] - HAR: C:\Users\kris\Katalon Studio\Cdg\Reports\Login\20190305_105635\requests\main\72.har

2019-03-05 11:01:56 - [MESSAGE][PASSED] - Send request successfully

2019-03-05 11:01:56 - [MESSAGE][INFO] - HAR: C:\Users\kris\Katalon Studio\Cdg\Reports\Login\20190305_105635\requests\main\73.har

2019-03-05 11:01:56 - [MESSAGE][PASSED] - Send request successfully

2019-03-05 11:01:57 - [MESSAGE][INFO] - HAR: C:\Users\kris\Katalon Studio\Cdg\Reports\Login\20190305_105635\requests\main\74.har

2019-03-05 11:01:57 - [MESSAGE][PASSED] - Send request successfully

2019-03-05 11:01:58 - [MESSAGE][INFO] - HAR: C:\Users\kris\Katalon Studio\Cdg\Reports\Login\20190305_105635\requests\main\75.har

2019-03-05 11:01:58 - [MESSAGE][PASSED] - Send request successfully

2019-03-05 11:01:59 - [MESSAGE][INFO] - HAR: C:\Users\kris\Katalon Studio\Cdg\Reports\Login\20190305_105635\requests\main\76.har

2019-03-05 11:01:59 - [MESSAGE][PASSED] - Send request successfully

2019-03-05 11:02:00 - [MESSAGE][INFO] - HAR: C:\Users\kris\Katalon Studio\Cdg\Reports\Login\20190305_105635\requests\main\77.har

2019-03-05 11:02:00 - [MESSAGE][PASSED] - Send request successfully

2019-03-05 11:02:01 - [MESSAGE][INFO] - HAR: C:\Users\kris\Katalon Studio\Cdg\Reports\Login\20190305_105635\requests\main\78.har

2019-03-05 11:02:01 - [MESSAGE][PASSED] - Send request successfully

2019-03-05 11:02:02 - [MESSAGE][INFO] - HAR: C:\Users\kris\Katalon Studio\Cdg\Reports\Login\20190305_105635\requests\main\79.har

2019-03-05 11:02:02 - [MESSAGE][PASSED] - Send request successfully

2019-03-05 11:02:07 - [MESSAGE][INFO] - HAR: C:\Users\kris\Katalon Studio\Cdg\Reports\Login\20190305_105635\requests\main\80.har

2019-03-05 11:02:07 - [MESSAGE][PASSED] - Send request successfully

2019-03-05 11:02:08 - [MESSAGE][INFO] - HAR: C:\Users\kris\Katalon Studio\Cdg\Reports\Login\20190305_105635\requests\main\81.har

2019-03-05 11:02:08 - [MESSAGE][PASSED] - Send request successfully

2019-03-05 11:02:09 - [MESSAGE][INFO] - HAR: C:\Users\kris\Katalon Studio\Cdg\Reports\Login\20190305_105635\requests\main\82.har

2019-03-05 11:02:09 - [MESSAGE][PASSED] - Send request successfully

2019-03-05 11:02:09 - [MESSAGE][INFO] - HAR: C:\Users\kris\Katalon Studio\Cdg\Reports\Login\20190305_105635\requests\main\83.har

2019-03-05 11:02:09 - [MESSAGE][PASSED] - Send request successfully

2019-03-05 11:02:11 - [MESSAGE][INFO] - HAR: C:\Users\kris\Katalon Studio\Cdg\Reports\Login\20190305_105635\requests\main\84.har

2019-03-05 11:02:11 - [MESSAGE][PASSED] - Send request successfully

2019-03-05 11:02:12 - [MESSAGE][INFO] - HAR: C:\Users\kris\Katalon Studio\Cdg\Reports\Login\20190305_105635\requests\main\85.har

2019-03-05 11:02:12 - [MESSAGE][PASSED] - Send request successfully

2019-03-05 11:02:13 - [MESSAGE][INFO] - HAR: C:\Users\kris\Katalon Studio\Cdg\Reports\Login\20190305_105635\requests\main\86.har

2019-03-05 11:02:13 - [MESSAGE][PASSED] - Send request successfully

2019-03-05 11:02:13 - [MESSAGE][INFO] - HAR: C:\Users\kris\Katalon Studio\Cdg\Reports\Login\20190305_105635\requests\main\87.har

2019-03-05 11:02:13 - [MESSAGE][PASSED] - Send request successfully

2019-03-05 11:02:13 - [MESSAGE][INFO] - HAR: C:\Users\kris\Katalon Studio\Cdg\Reports\Login\20190305_105635\requests\main\88.har

2019-03-05 11:02:13 - [MESSAGE][PASSED] - Send request successfully

2019-03-05 11:02:13 - [MESSAGE][INFO] - HAR: C:\Users\kris\Katalon Studio\Cdg\Reports\Login\20190305_105635\requests\main\89.har

2019-03-05 11:02:13 - [MESSAGE][PASSED] - Send request successfully

2019-03-05 11:02:13 - [MESSAGE][PASSED] - All links are accessible

2019-03-05 11:02:13 - [MESSAGE][PASSED] - All links on the page 'https://testing.adeptforms.com/module/cdg/customer/session/login' are accessible

2019-03-05 11:02:13 - [TEST_STEP][PASSED] - waitForElementVisible(findTestObject("Page_CDG/img"), 6): Object 'Object Repository/Page_CDG/img' is visible

2019-03-05 11:02:14 - [MESSAGE][PASSED] - Object 'Object Repository/Page_CDG/img' is visible

2019-03-05 11:02:14 - [TEST_STEP][PASSED] - waitForElementVisible(findTestObject("Object Repository/Page_CDG/Ver_Loginpage"), 6): Web element with id: 'Object Repository/Page_CDG/Ver_Loginpage' located by 'By.xpath: ' not found

2019-03-05 11:02:20 - [MESSAGE][INFO] - Unable to find the element located by 'By.xpath: '. Please recheck the objects properties to make sure the desired element is located. 

2019-03-05 11:02:20 - [MESSAGE][WARNING] - Web element with id: 'Object Repository/Page_CDG/Ver_Loginpage' located by 'By.xpath: ' not found

2019-03-05 11:02:20 - [TEST_STEP][PASSED] - waitForElementVisible(findTestObject("Page_CDG/Input_Email"), 6): Object 'Object Repository/Page_CDG/Input_Email' is visible

2019-03-05 11:02:20 - [MESSAGE][PASSED] - Object 'Object Repository/Page_CDG/Input_Email' is visible

2019-03-05 11:02:20 - [TEST_STEP][PASSED] - waitForElementVisible(findTestObject("Page_CDG/input_Password"), 6): Object 'Object Repository/Page_CDG/input_Password' is visible

2019-03-05 11:02:20 - [MESSAGE][PASSED] - Object 'Object Repository/Page_CDG/input_Password' is visible

2019-03-05 11:02:20 - [TEST_STEP][PASSED] - waitForElementVisible(findTestObject("Page_CDG/Signin_Text_Verify"), 6): Object 'Object Repository/Page_CDG/Signin_Text_Verify' is visible

2019-03-05 11:02:20 - [MESSAGE][PASSED] - Object 'Object Repository/Page_CDG/Signin_Text_Verify' is visible

2019-03-05 11:02:20 - [TEST_STEP][PASSED] - waitForElementVisible(findTestObject("Page_CDG/Register_Text"), 6): Object 'Object Repository/Page_CDG/Register_Text' is visible

2019-03-05 11:02:20 - [MESSAGE][PASSED] - Object 'Object Repository/Page_CDG/Register_Text' is visible

2019-03-05 11:02:20 - [TEST_STEP][PASSED] - waitForElementVisible(findTestObject("Page_CDG/Forgot_Password_Text"), 6): Object 'Object Repository/Page_CDG/Forgot_Password_Text' is visible

2019-03-05 11:02:20 - [MESSAGE][PASSED] - Object 'Object Repository/Page_CDG/Forgot_Password_Text' is visible

2019-03-05 11:02:20 - [TEST_STEP][PASSED] - waitForElementVisible(findTestObject("Object Repository/Page_CDG/button_Login"), 6): Object 'Object Repository/Page_CDG/button_Login' is visible

2019-03-05 11:02:20 - [MESSAGE][PASSED] - Object 'Object Repository/Page_CDG/button_Login' is visible

2019-03-05 11:02:20 - [MESSAGE][PASSED] - Call Test Case 'Test Cases/Main Test Cases/Verify Login' successfully

2019-03-05 11:02:20 - [TEST_STEP][PASSED] - setText(findTestObject("Page_CDG/Input_Email"), findTestData("Login_Field").getValue(1, 1)): Text 'asikinaul@gmail.com' is set on object 'Object Repository/Page_CDG/Input_Email'

2019-03-05 11:02:21 - [MESSAGE][PASSED] - Text 'asikinaul@gmail.com' is set on object 'Object Repository/Page_CDG/Input_Email'

2019-03-05 11:02:21 - [TEST_STEP][PASSED] - setText(findTestObject("Page_CDG/input_Password"), findTestData("Login_Field").getValue(2, 1)): Text '12345' is set on object 'Object Repository/Page_CDG/input_Password'

2019-03-05 11:02:21 - [MESSAGE][PASSED] - Text '12345' is set on object 'Object Repository/Page_CDG/input_Password'

2019-03-05 11:02:21 - [TEST_STEP][PASSED] - click(findTestObject("Page_CDG/button_Login")): Object: 'Object Repository/Page_CDG/button_Login' is clicked on

2019-03-05 11:02:21 - [MESSAGE][PASSED] - Object: 'Object Repository/Page_CDG/button_Login' is clicked on

2019-03-05 11:02:21 - [TEST_STEP][PASSED] - callTestCase(findTestCase("Main Test Cases/TC1_Verify Successful Login"), [:], STOP_ON_FAILURE): Call Test Case 'Test Cases/Main Test Cases/TC1_Verify Successful Login' successfully

2019-03-05 11:02:21 - [TEST_CASE][PASSED] - Test Cases/Main Test Cases/TC1_Verify Successful Login: Test Cases/Main Test Cases/TC1_Verify Successful Login

2019-03-05 11:02:21 - [TEST_STEP][PASSED] - verifyElementVisible(findTestObject("Page_CDG/SECTION_PRODUCT_PAGE")): Object 'Object Repository/Page_CDG/SECTION_PRODUCT_PAGE' is visible

2019-03-05 11:02:29 - [MESSAGE][PASSED] - Object 'Object Repository/Page_CDG/SECTION_PRODUCT_PAGE' is visible

2019-03-05 11:02:29 - [TEST_STEP][PASSED] - verifyElementVisible(findTestObject("Page_CDG/Content_Product List")): Object 'Object Repository/Page_CDG/Content_Product List' is visible

2019-03-05 11:02:29 - [MESSAGE][PASSED] - Object 'Object Repository/Page_CDG/Content_Product List' is visible

2019-03-05 11:02:29 - [TEST_STEP][PASSED] - verifyElementVisible(findTestObject("Page_CDG/Verify_Addproduct_Text")): Object 'Object Repository/Page_CDG/Verify_Addproduct_Text' is visible

2019-03-05 11:02:30 - [MESSAGE][PASSED] - Object 'Object Repository/Page_CDG/Verify_Addproduct_Text' is visible

2019-03-05 11:02:30 - [TEST_STEP][PASSED] - verifyElementVisible(findTestObject("Page_CDG/Close_Add_Product")): Object 'Object Repository/Page_CDG/Close_Add_Product' is visible

2019-03-05 11:02:30 - [MESSAGE][PASSED] - Object 'Object Repository/Page_CDG/Close_Add_Product' is visible

2019-03-05 11:02:30 - [TEST_STEP][PASSED] - scrollToElement(findTestObject("Page_CDG/Privacy_Policy"), 6): Scroll to object 'Object Repository/Page_CDG/Privacy_Policy' successfully

2019-03-05 11:02:30 - [MESSAGE][PASSED] - Scroll to object 'Object Repository/Page_CDG/Privacy_Policy' successfully

2019-03-05 11:02:30 - [TEST_STEP][PASSED] - verifyElementVisible(findTestObject("Page_CDG/Copyright")): Object 'Object Repository/Page_CDG/Copyright' is visible

2019-03-05 11:02:30 - [MESSAGE][PASSED] - Object 'Object Repository/Page_CDG/Copyright' is visible

2019-03-05 11:02:30 - [TEST_STEP][PASSED] - click(findTestObject("Page_CDG/Privacy_Policy")): Object: 'Object Repository/Page_CDG/Privacy_Policy' is clicked on

2019-03-05 11:02:30 - [MESSAGE][PASSED] - Object: 'Object Repository/Page_CDG/Privacy_Policy' is clicked on

2019-03-05 11:02:30 - [TEST_STEP][PASSED] - click(findTestObject("Page_CDG/Terms_of_Use")): Object: 'Object Repository/Page_CDG/Terms_of_Use' is clicked on

2019-03-05 11:02:30 - [MESSAGE][PASSED] - Object: 'Object Repository/Page_CDG/Terms_of_Use' is clicked on

2019-03-05 11:02:30 - [MESSAGE][PASSED] - Call Test Case 'Test Cases/Main Test Cases/TC1_Verify Successful Login' successfully

2019-03-05 11:02:30 - [TEST_STEP][PASSED] - closeBrowser(): Browser is closed

2019-03-05 11:02:32 - [MESSAGE][PASSED] - Browser is closed]]></system-out>
         <system-err><![CDATA[]]></system-err>
      </testcase>
      <testcase name="Test Cases/Common Test Cases/Login_valid" classname="Test Cases/Common Test Cases/Login_valid" status="PASSED">
         <system-out><![CDATA[2019-03-05 11:02:32 - [TEST_CASE][PASSED] - Test Cases/Common Test Cases/Login_valid: Test Cases/Common Test Cases/Login_valid

2019-03-05 11:02:32 - [TEST_STEP][PASSED] - comment("Customer Login with valid account"): Customer Login with valid account

2019-03-05 11:02:32 - [MESSAGE][INFO] - Customer Login with valid account

2019-03-05 11:02:32 - [TEST_STEP][PASSED] - openBrowser(""): Browser is opened with url: ''

2019-03-05 11:02:32 - [MESSAGE][INFO] - Starting 'Chrome' driver

2019-03-05 11:02:43 - [MESSAGE][PASSED] - Browser is opened with url: ''

2019-03-05 11:02:43 - [TEST_STEP][PASSED] - navigateToUrl("https://testing.adeptforms.com/module/cdg/customer/session/login"): Navigate to 'https://testing.adeptforms.com/module/cdg/customer/session/login' successfully

2019-03-05 11:02:53 - [MESSAGE][PASSED] - Navigate to 'https://testing.adeptforms.com/module/cdg/customer/session/login' successfully

2019-03-05 11:02:53 - [TEST_STEP][PASSED] - callTestCase(findTestCase("Main Test Cases/Verify Login"), [:], STOP_ON_FAILURE): Call Test Case 'Test Cases/Main Test Cases/Verify Login' successfully

2019-03-05 11:02:53 - [TEST_CASE][PASSED] - Test Cases/Main Test Cases/Verify Login: Test Cases/Main Test Cases/Verify Login

2019-03-05 11:02:53 - [TEST_STEP][PASSED] - verifyAllLinksOnCurrentPageAccessible(true, []): All links on the page 'https://testing.adeptforms.com/module/cdg/customer/session/login' are accessible

2019-03-05 11:02:55 - [MESSAGE][PASSED] - Found 45 unique links on the page https://testing.adeptforms.com/module/cdg/customer/session/login

2019-03-05 11:02:56 - [MESSAGE][INFO] - HAR: C:\Users\kris\Katalon Studio\Cdg\Reports\Login\20190305_105635\requests\main\90.har

2019-03-05 11:02:56 - [MESSAGE][PASSED] - Send request successfully

2019-03-05 11:02:57 - [MESSAGE][INFO] - HAR: C:\Users\kris\Katalon Studio\Cdg\Reports\Login\20190305_105635\requests\main\91.har

2019-03-05 11:02:58 - [MESSAGE][PASSED] - Send request successfully

2019-03-05 11:02:58 - [MESSAGE][INFO] - HAR: C:\Users\kris\Katalon Studio\Cdg\Reports\Login\20190305_105635\requests\main\92.har

2019-03-05 11:02:59 - [MESSAGE][PASSED] - Send request successfully

2019-03-05 11:02:59 - [MESSAGE][INFO] - HAR: C:\Users\kris\Katalon Studio\Cdg\Reports\Login\20190305_105635\requests\main\93.har

2019-03-05 11:03:00 - [MESSAGE][PASSED] - Send request successfully

2019-03-05 11:03:00 - [MESSAGE][INFO] - HAR: C:\Users\kris\Katalon Studio\Cdg\Reports\Login\20190305_105635\requests\main\94.har

2019-03-05 11:03:00 - [MESSAGE][PASSED] - Send request successfully

2019-03-05 11:03:01 - [MESSAGE][INFO] - HAR: C:\Users\kris\Katalon Studio\Cdg\Reports\Login\20190305_105635\requests\main\95.har

2019-03-05 11:03:02 - [MESSAGE][PASSED] - Send request successfully

2019-03-05 11:03:02 - [MESSAGE][INFO] - HAR: C:\Users\kris\Katalon Studio\Cdg\Reports\Login\20190305_105635\requests\main\96.har

2019-03-05 11:03:02 - [MESSAGE][PASSED] - Send request successfully

2019-03-05 11:03:03 - [MESSAGE][INFO] - HAR: C:\Users\kris\Katalon Studio\Cdg\Reports\Login\20190305_105635\requests\main\97.har

2019-03-05 11:03:03 - [MESSAGE][PASSED] - Send request successfully

2019-03-05 11:03:03 - [MESSAGE][INFO] - HAR: C:\Users\kris\Katalon Studio\Cdg\Reports\Login\20190305_105635\requests\main\98.har

2019-03-05 11:03:04 - [MESSAGE][PASSED] - Send request successfully

2019-03-05 11:03:04 - [MESSAGE][INFO] - HAR: C:\Users\kris\Katalon Studio\Cdg\Reports\Login\20190305_105635\requests\main\99.har

2019-03-05 11:03:04 - [MESSAGE][PASSED] - Send request successfully

2019-03-05 11:03:04 - [MESSAGE][INFO] - HAR: C:\Users\kris\Katalon Studio\Cdg\Reports\Login\20190305_105635\requests\main\100.har

2019-03-05 11:03:04 - [MESSAGE][PASSED] - Send request successfully

2019-03-05 11:03:05 - [MESSAGE][INFO] - HAR: C:\Users\kris\Katalon Studio\Cdg\Reports\Login\20190305_105635\requests\main\101.har

2019-03-05 11:03:05 - [MESSAGE][PASSED] - Send request successfully

2019-03-05 11:03:05 - [MESSAGE][INFO] - HAR: C:\Users\kris\Katalon Studio\Cdg\Reports\Login\20190305_105635\requests\main\102.har

2019-03-05 11:03:06 - [MESSAGE][PASSED] - Send request successfully

2019-03-05 11:03:06 - [MESSAGE][INFO] - HAR: C:\Users\kris\Katalon Studio\Cdg\Reports\Login\20190305_105635\requests\main\103.har

2019-03-05 11:03:06 - [MESSAGE][PASSED] - Send request successfully

2019-03-05 11:03:06 - [MESSAGE][INFO] - HAR: C:\Users\kris\Katalon Studio\Cdg\Reports\Login\20190305_105635\requests\main\104.har

2019-03-05 11:03:07 - [MESSAGE][PASSED] - Send request successfully

2019-03-05 11:03:07 - [MESSAGE][INFO] - HAR: C:\Users\kris\Katalon Studio\Cdg\Reports\Login\20190305_105635\requests\main\105.har

2019-03-05 11:03:07 - [MESSAGE][PASSED] - Send request successfully

2019-03-05 11:03:07 - [MESSAGE][INFO] - HAR: C:\Users\kris\Katalon Studio\Cdg\Reports\Login\20190305_105635\requests\main\106.har

2019-03-05 11:03:07 - [MESSAGE][PASSED] - Send request successfully

2019-03-05 11:03:08 - [MESSAGE][INFO] - HAR: C:\Users\kris\Katalon Studio\Cdg\Reports\Login\20190305_105635\requests\main\107.har

2019-03-05 11:03:08 - [MESSAGE][PASSED] - Send request successfully

2019-03-05 11:03:08 - [MESSAGE][INFO] - HAR: C:\Users\kris\Katalon Studio\Cdg\Reports\Login\20190305_105635\requests\main\108.har

2019-03-05 11:03:08 - [MESSAGE][PASSED] - Send request successfully

2019-03-05 11:03:08 - [MESSAGE][INFO] - HAR: C:\Users\kris\Katalon Studio\Cdg\Reports\Login\20190305_105635\requests\main\109.har

2019-03-05 11:03:09 - [MESSAGE][PASSED] - Send request successfully

2019-03-05 11:03:09 - [MESSAGE][INFO] - HAR: C:\Users\kris\Katalon Studio\Cdg\Reports\Login\20190305_105635\requests\main\110.har

2019-03-05 11:03:09 - [MESSAGE][PASSED] - Send request successfully

2019-03-05 11:03:09 - [MESSAGE][INFO] - HAR: C:\Users\kris\Katalon Studio\Cdg\Reports\Login\20190305_105635\requests\main\111.har

2019-03-05 11:03:10 - [MESSAGE][PASSED] - Send request successfully

2019-03-05 11:03:10 - [MESSAGE][INFO] - HAR: C:\Users\kris\Katalon Studio\Cdg\Reports\Login\20190305_105635\requests\main\112.har

2019-03-05 11:03:10 - [MESSAGE][PASSED] - Send request successfully

2019-03-05 11:03:10 - [MESSAGE][INFO] - HAR: C:\Users\kris\Katalon Studio\Cdg\Reports\Login\20190305_105635\requests\main\113.har

2019-03-05 11:03:10 - [MESSAGE][PASSED] - Send request successfully

2019-03-05 11:03:11 - [MESSAGE][INFO] - HAR: C:\Users\kris\Katalon Studio\Cdg\Reports\Login\20190305_105635\requests\main\114.har

2019-03-05 11:03:11 - [MESSAGE][PASSED] - Send request successfully

2019-03-05 11:03:11 - [MESSAGE][INFO] - HAR: C:\Users\kris\Katalon Studio\Cdg\Reports\Login\20190305_105635\requests\main\115.har

2019-03-05 11:03:11 - [MESSAGE][PASSED] - Send request successfully

2019-03-05 11:03:11 - [MESSAGE][INFO] - HAR: C:\Users\kris\Katalon Studio\Cdg\Reports\Login\20190305_105635\requests\main\116.har

2019-03-05 11:03:12 - [MESSAGE][PASSED] - Send request successfully

2019-03-05 11:03:12 - [MESSAGE][INFO] - HAR: C:\Users\kris\Katalon Studio\Cdg\Reports\Login\20190305_105635\requests\main\117.har

2019-03-05 11:03:12 - [MESSAGE][PASSED] - Send request successfully

2019-03-05 11:03:12 - [MESSAGE][INFO] - HAR: C:\Users\kris\Katalon Studio\Cdg\Reports\Login\20190305_105635\requests\main\118.har

2019-03-05 11:03:12 - [MESSAGE][PASSED] - Send request successfully

2019-03-05 11:03:13 - [MESSAGE][INFO] - HAR: C:\Users\kris\Katalon Studio\Cdg\Reports\Login\20190305_105635\requests\main\119.har

2019-03-05 11:03:13 - [MESSAGE][PASSED] - Send request successfully

2019-03-05 11:03:13 - [MESSAGE][INFO] - HAR: C:\Users\kris\Katalon Studio\Cdg\Reports\Login\20190305_105635\requests\main\120.har

2019-03-05 11:03:13 - [MESSAGE][PASSED] - Send request successfully

2019-03-05 11:03:14 - [MESSAGE][INFO] - HAR: C:\Users\kris\Katalon Studio\Cdg\Reports\Login\20190305_105635\requests\main\121.har

2019-03-05 11:03:14 - [MESSAGE][PASSED] - Send request successfully

2019-03-05 11:03:15 - [MESSAGE][INFO] - HAR: C:\Users\kris\Katalon Studio\Cdg\Reports\Login\20190305_105635\requests\main\122.har

2019-03-05 11:03:15 - [MESSAGE][PASSED] - Send request successfully

2019-03-05 11:03:15 - [MESSAGE][INFO] - HAR: C:\Users\kris\Katalon Studio\Cdg\Reports\Login\20190305_105635\requests\main\123.har

2019-03-05 11:03:15 - [MESSAGE][PASSED] - Send request successfully

2019-03-05 11:03:16 - [MESSAGE][INFO] - HAR: C:\Users\kris\Katalon Studio\Cdg\Reports\Login\20190305_105635\requests\main\124.har

2019-03-05 11:03:16 - [MESSAGE][PASSED] - Send request successfully

2019-03-05 11:03:18 - [MESSAGE][INFO] - HAR: C:\Users\kris\Katalon Studio\Cdg\Reports\Login\20190305_105635\requests\main\125.har

2019-03-05 11:03:18 - [MESSAGE][PASSED] - Send request successfully

2019-03-05 11:03:18 - [MESSAGE][INFO] - HAR: C:\Users\kris\Katalon Studio\Cdg\Reports\Login\20190305_105635\requests\main\126.har

2019-03-05 11:03:19 - [MESSAGE][PASSED] - Send request successfully

2019-03-05 11:03:19 - [MESSAGE][INFO] - HAR: C:\Users\kris\Katalon Studio\Cdg\Reports\Login\20190305_105635\requests\main\127.har

2019-03-05 11:03:19 - [MESSAGE][PASSED] - Send request successfully

2019-03-05 11:03:19 - [MESSAGE][INFO] - HAR: C:\Users\kris\Katalon Studio\Cdg\Reports\Login\20190305_105635\requests\main\128.har

2019-03-05 11:03:20 - [MESSAGE][PASSED] - Send request successfully

2019-03-05 11:03:20 - [MESSAGE][INFO] - HAR: C:\Users\kris\Katalon Studio\Cdg\Reports\Login\20190305_105635\requests\main\129.har

2019-03-05 11:03:20 - [MESSAGE][PASSED] - Send request successfully

2019-03-05 11:03:21 - [MESSAGE][INFO] - HAR: C:\Users\kris\Katalon Studio\Cdg\Reports\Login\20190305_105635\requests\main\130.har

2019-03-05 11:03:21 - [MESSAGE][PASSED] - Send request successfully

2019-03-05 11:03:22 - [MESSAGE][INFO] - HAR: C:\Users\kris\Katalon Studio\Cdg\Reports\Login\20190305_105635\requests\main\131.har

2019-03-05 11:03:22 - [MESSAGE][PASSED] - Send request successfully

2019-03-05 11:03:22 - [MESSAGE][INFO] - HAR: C:\Users\kris\Katalon Studio\Cdg\Reports\Login\20190305_105635\requests\main\132.har

2019-03-05 11:03:22 - [MESSAGE][PASSED] - Send request successfully

2019-03-05 11:03:23 - [MESSAGE][INFO] - HAR: C:\Users\kris\Katalon Studio\Cdg\Reports\Login\20190305_105635\requests\main\133.har

2019-03-05 11:03:23 - [MESSAGE][PASSED] - Send request successfully

2019-03-05 11:03:23 - [MESSAGE][INFO] - HAR: C:\Users\kris\Katalon Studio\Cdg\Reports\Login\20190305_105635\requests\main\134.har

2019-03-05 11:03:23 - [MESSAGE][PASSED] - Send request successfully

2019-03-05 11:03:23 - [MESSAGE][PASSED] - All links are accessible

2019-03-05 11:03:23 - [MESSAGE][PASSED] - All links on the page 'https://testing.adeptforms.com/module/cdg/customer/session/login' are accessible

2019-03-05 11:03:23 - [TEST_STEP][PASSED] - waitForElementVisible(findTestObject("Page_CDG/img"), 6): Object 'Object Repository/Page_CDG/img' is visible

2019-03-05 11:03:24 - [MESSAGE][PASSED] - Object 'Object Repository/Page_CDG/img' is visible

2019-03-05 11:03:24 - [TEST_STEP][PASSED] - waitForElementVisible(findTestObject("Object Repository/Page_CDG/Ver_Loginpage"), 6): Web element with id: 'Object Repository/Page_CDG/Ver_Loginpage' located by 'By.xpath: ' not found

2019-03-05 11:03:30 - [MESSAGE][INFO] - Unable to find the element located by 'By.xpath: '. Please recheck the objects properties to make sure the desired element is located. 

2019-03-05 11:03:30 - [MESSAGE][WARNING] - Web element with id: 'Object Repository/Page_CDG/Ver_Loginpage' located by 'By.xpath: ' not found

2019-03-05 11:03:30 - [TEST_STEP][PASSED] - waitForElementVisible(findTestObject("Page_CDG/Input_Email"), 6): Object 'Object Repository/Page_CDG/Input_Email' is visible

2019-03-05 11:03:30 - [MESSAGE][PASSED] - Object 'Object Repository/Page_CDG/Input_Email' is visible

2019-03-05 11:03:30 - [TEST_STEP][PASSED] - waitForElementVisible(findTestObject("Page_CDG/input_Password"), 6): Object 'Object Repository/Page_CDG/input_Password' is visible

2019-03-05 11:03:31 - [MESSAGE][PASSED] - Object 'Object Repository/Page_CDG/input_Password' is visible

2019-03-05 11:03:31 - [TEST_STEP][PASSED] - waitForElementVisible(findTestObject("Page_CDG/Signin_Text_Verify"), 6): Object 'Object Repository/Page_CDG/Signin_Text_Verify' is visible

2019-03-05 11:03:31 - [MESSAGE][PASSED] - Object 'Object Repository/Page_CDG/Signin_Text_Verify' is visible

2019-03-05 11:03:31 - [TEST_STEP][PASSED] - waitForElementVisible(findTestObject("Page_CDG/Register_Text"), 6): Object 'Object Repository/Page_CDG/Register_Text' is visible

2019-03-05 11:03:31 - [MESSAGE][PASSED] - Object 'Object Repository/Page_CDG/Register_Text' is visible

2019-03-05 11:03:31 - [TEST_STEP][PASSED] - waitForElementVisible(findTestObject("Page_CDG/Forgot_Password_Text"), 6): Object 'Object Repository/Page_CDG/Forgot_Password_Text' is visible

2019-03-05 11:03:31 - [MESSAGE][PASSED] - Object 'Object Repository/Page_CDG/Forgot_Password_Text' is visible

2019-03-05 11:03:31 - [TEST_STEP][PASSED] - waitForElementVisible(findTestObject("Object Repository/Page_CDG/button_Login"), 6): Object 'Object Repository/Page_CDG/button_Login' is visible

2019-03-05 11:03:31 - [MESSAGE][PASSED] - Object 'Object Repository/Page_CDG/button_Login' is visible

2019-03-05 11:03:31 - [MESSAGE][PASSED] - Call Test Case 'Test Cases/Main Test Cases/Verify Login' successfully

2019-03-05 11:03:31 - [TEST_STEP][PASSED] - setText(findTestObject("Page_CDG/Input_Email"), findTestData("Login_Field").getValue(1, 1)): Text 'asikinaul@gmail.com' is set on object 'Object Repository/Page_CDG/Input_Email'

2019-03-05 11:03:36 - [MESSAGE][PASSED] - Text 'asikinaul@gmail.com' is set on object 'Object Repository/Page_CDG/Input_Email'

2019-03-05 11:03:36 - [TEST_STEP][PASSED] - setText(findTestObject("Page_CDG/input_Password"), findTestData("Login_Field").getValue(2, 1)): Text '12345' is set on object 'Object Repository/Page_CDG/input_Password'

2019-03-05 11:03:36 - [MESSAGE][PASSED] - Text '12345' is set on object 'Object Repository/Page_CDG/input_Password'

2019-03-05 11:03:36 - [TEST_STEP][PASSED] - click(findTestObject("Page_CDG/button_Login")): Object: 'Object Repository/Page_CDG/button_Login' is clicked on

2019-03-05 11:03:39 - [MESSAGE][PASSED] - Object: 'Object Repository/Page_CDG/button_Login' is clicked on

2019-03-05 11:03:39 - [TEST_STEP][PASSED] - callTestCase(findTestCase("Main Test Cases/TC1_Verify Successful Login"), [:], STOP_ON_FAILURE): Call Test Case 'Test Cases/Main Test Cases/TC1_Verify Successful Login' successfully

2019-03-05 11:03:39 - [TEST_CASE][PASSED] - Test Cases/Main Test Cases/TC1_Verify Successful Login: Test Cases/Main Test Cases/TC1_Verify Successful Login

2019-03-05 11:03:39 - [TEST_STEP][PASSED] - verifyElementVisible(findTestObject("Page_CDG/SECTION_PRODUCT_PAGE")): Object 'Object Repository/Page_CDG/SECTION_PRODUCT_PAGE' is visible

2019-03-05 11:04:27 - [MESSAGE][PASSED] - Object 'Object Repository/Page_CDG/SECTION_PRODUCT_PAGE' is visible

2019-03-05 11:04:27 - [TEST_STEP][PASSED] - verifyElementVisible(findTestObject("Page_CDG/Content_Product List")): Object 'Object Repository/Page_CDG/Content_Product List' is visible

2019-03-05 11:04:28 - [MESSAGE][PASSED] - Object 'Object Repository/Page_CDG/Content_Product List' is visible

2019-03-05 11:04:28 - [TEST_STEP][PASSED] - verifyElementVisible(findTestObject("Page_CDG/Verify_Addproduct_Text")): Object 'Object Repository/Page_CDG/Verify_Addproduct_Text' is visible

2019-03-05 11:04:28 - [MESSAGE][PASSED] - Object 'Object Repository/Page_CDG/Verify_Addproduct_Text' is visible

2019-03-05 11:04:28 - [TEST_STEP][PASSED] - verifyElementVisible(findTestObject("Page_CDG/Close_Add_Product")): Object 'Object Repository/Page_CDG/Close_Add_Product' is visible

2019-03-05 11:04:28 - [MESSAGE][PASSED] - Object 'Object Repository/Page_CDG/Close_Add_Product' is visible

2019-03-05 11:04:28 - [TEST_STEP][PASSED] - scrollToElement(findTestObject("Page_CDG/Privacy_Policy"), 6): Scroll to object 'Object Repository/Page_CDG/Privacy_Policy' successfully

2019-03-05 11:04:28 - [MESSAGE][PASSED] - Scroll to object 'Object Repository/Page_CDG/Privacy_Policy' successfully

2019-03-05 11:04:28 - [TEST_STEP][PASSED] - verifyElementVisible(findTestObject("Page_CDG/Copyright")): Object 'Object Repository/Page_CDG/Copyright' is visible

2019-03-05 11:04:28 - [MESSAGE][PASSED] - Object 'Object Repository/Page_CDG/Copyright' is visible

2019-03-05 11:04:28 - [TEST_STEP][PASSED] - click(findTestObject("Page_CDG/Privacy_Policy")): Object: 'Object Repository/Page_CDG/Privacy_Policy' is clicked on

2019-03-05 11:05:06 - [MESSAGE][PASSED] - Object: 'Object Repository/Page_CDG/Privacy_Policy' is clicked on

2019-03-05 11:05:06 - [TEST_STEP][PASSED] - click(findTestObject("Page_CDG/Terms_of_Use")): Object: 'Object Repository/Page_CDG/Terms_of_Use' is clicked on

2019-03-05 11:05:07 - [MESSAGE][PASSED] - Object: 'Object Repository/Page_CDG/Terms_of_Use' is clicked on

2019-03-05 11:05:07 - [MESSAGE][PASSED] - Call Test Case 'Test Cases/Main Test Cases/TC1_Verify Successful Login' successfully

2019-03-05 11:05:07 - [TEST_STEP][PASSED] - closeBrowser(): Browser is closed

2019-03-05 11:05:08 - [MESSAGE][PASSED] - Browser is closed]]></system-out>
         <system-err><![CDATA[]]></system-err>
      </testcase>
      <system-out><![CDATA[2019-03-05 10:57:02 - [TEST_SUITE][PASSED] - Login: Test Cases/Common Test Cases/Login_valid]]></system-out>
      <system-err><![CDATA[]]></system-err>
   </testsuite>
</testsuites>
